<?xml version="1.0" encoding="utf-8"?><testsuites name="pytest tests"><testsuite name="pytest" errors="0" failures="0" skipped="0" tests="133" time="7.013" timestamp="2025-10-11T13:41:37.372923+01:00" hostname="DESKTOP-TN8D2I3"><testcase classname="app_test.GetCurrentUserTest" name="test_email_no_in_users" time="0.004" /><testcase classname="app_test.GetCurrentUserTest" name="test_email_not_in_session" time="0.001" /><testcase classname="app_test.GetCurrentUserTest" name="test_success" time="0.001" /><testcase classname="app_test.IndexTest" name="test_current_user" time="0.001" /><testcase classname="app_test.IndexTest" name="test_no_current_user" time="0.001" /><testcase classname="app_test.AddToCartTest" name="test_invalid_quantity" time="0.001" /><testcase classname="app_test.AddToCartTest" name="test_no_title" time="0.001" /><testcase classname="app_test.AddToCartTest" name="test_quantity_missing" time="0.001" /><testcase classname="app_test.AddToCartTest" name="test_quantity_negative" time="0.003" /><testcase classname="app_test.AddToCartTest" name="test_quantity_positive" time="0.001" /><testcase classname="app_test.AddToCartTest" name="test_quantity_zero" time="0.001" /><testcase classname="app_test.AddToCartTest" name="test_unknown_title" time="0.001" /><testcase classname="app_test.RemoveFromCartTest" name="test_book_in_cart" time="0.001" /><testcase classname="app_test.RemoveFromCartTest" name="test_book_not_in_cart" time="0.001" /><testcase classname="app_test.RemoveFromCartTest" name="test_no_books" time="0.001" /><testcase classname="app_test.RemoveFromCartTest" name="test_no_title" time="0.001" /><testcase classname="app_test.UpdateCartTest" name="test_decrease_quantity" time="0.001" /><testcase classname="app_test.UpdateCartTest" name="test_empty_cart" time="0.001" /><testcase classname="app_test.UpdateCartTest" name="test_empty_title" time="0.001" /><testcase classname="app_test.UpdateCartTest" name="test_increase_quantity" time="0.001" /><testcase classname="app_test.UpdateCartTest" name="test_no_title" time="0.001" /><testcase classname="app_test.UpdateCartTest" name="test_quantity_negative" time="0.001" /><testcase classname="app_test.UpdateCartTest" name="test_quantity_not_in_form" time="0.001" /><testcase classname="app_test.UpdateCartTest" name="test_remove_from_cart" time="0.001" /><testcase classname="app_test.ViewCartTest" name="test_current_user_not_set" time="0.001" /><testcase classname="app_test.ViewCartTest" name="test_current_user_set" time="0.001" /><testcase classname="app_test.ClearCartTest" name="test_success" time="0.001" /><testcase classname="app_test.CheckoutTest" name="test_empty_cart" time="0.001" /><testcase classname="app_test.CheckoutTest" name="test_full_cart_no_user" time="0.001" /><testcase classname="app_test.CheckoutTest" name="test_full_cart_user" time="0.001" /><testcase classname="app_test.ProcessCheckoutTest" name="test_10_percent_discount_code" time="0.001" /><testcase classname="app_test.ProcessCheckoutTest" name="test_20_percent_discount_code" time="0.001" /><testcase classname="app_test.ProcessCheckoutTest" name="test_empty_cart" time="0.001" /><testcase classname="app_test.ProcessCheckoutTest" name="test_invalid_card_payment_info" time="0.001" /><testcase classname="app_test.ProcessCheckoutTest" name="test_invalid_discount_code" time="0.001" /><testcase classname="app_test.ProcessCheckoutTest" name="test_invalid_payment_method" time="0.001" /><testcase classname="app_test.ProcessCheckoutTest" name="test_invalid_paypal_payment_info" time="0.001" /><testcase classname="app_test.ProcessCheckoutTest" name="test_invalid_shipping_information" time="0.001" /><testcase classname="app_test.ProcessCheckoutTest" name="test_no_discount_code" time="0.001" /><testcase classname="app_test.ProcessCheckoutTest" name="test_no_transaction_id" time="0.001" /><testcase classname="app_test.ProcessCheckoutTest" name="test_paypal_payment" time="0.001" /><testcase classname="app_test.OrderConfirmationTest" name="test_no_order" time="0.001" /><testcase classname="app_test.OrderConfirmationTest" name="test_no_user" time="0.001" /><testcase classname="app_test.OrderConfirmationTest" name="test_user" time="0.001" /><testcase classname="app_test.RegisterTest" name="test_email_already_exists" time="0.001" /><testcase classname="app_test.RegisterTest" name="test_empty_address" time="0.001" /><testcase classname="app_test.RegisterTest" name="test_empty_email" time="0.001" /><testcase classname="app_test.RegisterTest" name="test_empty_name" time="0.001" /><testcase classname="app_test.RegisterTest" name="test_empty_password" time="0.001" /><testcase classname="app_test.RegisterTest" name="test_get" time="0.001" /><testcase classname="app_test.RegisterTest" name="test_post" time="0.370" /><testcase classname="app_test.LoginTest" name="test_empty_email" time="0.001" /><testcase classname="app_test.LoginTest" name="test_get" time="0.001" /><testcase classname="app_test.LoginTest" name="test_incorrect_password" time="0.186" /><testcase classname="app_test.LoginTest" name="test_no_user_for_email" time="0.001" /><testcase classname="app_test.LoginTest" name="test_post" time="0.186" /><testcase classname="app_test.LogoutTest" name="test_user_email_exists" time="0.001" /><testcase classname="app_test.LogoutTest" name="test_user_email_not_exists" time="0.001" /><testcase classname="app_test.AccountTest" name="test_no_user" time="0.001" /><testcase classname="app_test.AccountTest" name="test_no_user_email" time="0.001" /><testcase classname="app_test.AccountTest" name="test_user" time="0.001" /><testcase classname="app_test.UpdateProfileTest" name="test_no_change" time="0.186" /><testcase classname="app_test.UpdateProfileTest" name="test_no_user" time="0.001" /><testcase classname="app_test.UpdateProfileTest" name="test_no_user_email" time="0.001" /><testcase classname="app_test.UpdateProfileTest" name="test_update_name_address" time="0.185" /><testcase classname="app_test.UpdateProfileTest" name="test_update_name_address_password" time="0.371" /><testcase classname="models_test.BookTest" name="test_empty_category" time="0.000" /><testcase classname="models_test.BookTest" name="test_empty_image" time="0.000" /><testcase classname="models_test.BookTest" name="test_empty_title" time="0.000" /><testcase classname="models_test.BookTest" name="test_price_negative" time="0.000" /><testcase classname="models_test.BookTest" name="test_price_zero" time="0.000" /><testcase classname="models_test.BookTest" name="test_success" time="0.000" /><testcase classname="models_test.CartItemTest" name="test_quantity_negative" time="0.000" /><testcase classname="models_test.CartItemTest" name="test_quantity_zero" time="0.000" /><testcase classname="models_test.CartItemTest" name="test_success_multiple" time="0.000" /><testcase classname="models_test.CartItemTest" name="test_success_single_1" time="0.000" /><testcase classname="models_test.CartItemTest" name="test_success_single_2" time="0.000" /><testcase classname="models_test.CartTest" name="test_add_book_multiple" time="0.001" /><testcase classname="models_test.CartTest" name="test_add_book_single" time="0.000" /><testcase classname="models_test.CartTest" name="test_add_quantity_negative" time="0.000" /><testcase classname="models_test.CartTest" name="test_add_quantity_zero" time="0.000" /><testcase classname="models_test.CartTest" name="test_clear_empty" time="0.000" /><testcase classname="models_test.CartTest" name="test_clear_items" time="0.001" /><testcase classname="models_test.CartTest" name="test_remove_book_empty_cart" time="0.000" /><testcase classname="models_test.CartTest" name="test_remove_books" time="0.000" /><testcase classname="models_test.CartTest" name="test_remove_noop" time="0.000" /><testcase classname="models_test.CartTest" name="test_update_quantity" time="0.000" /><testcase classname="models_test.CartTest" name="test_update_quantity_empty" time="0.000" /><testcase classname="models_test.CartTest" name="test_update_quantity_noop" time="0.000" /><testcase classname="models_test.CartTest" name="test_zero_books" time="0.000" /><testcase classname="models_test.ShippingInfoTest" name="test_address_empty" time="0.001" /><testcase classname="models_test.ShippingInfoTest" name="test_address_none" time="0.000" /><testcase classname="models_test.ShippingInfoTest" name="test_city_empty" time="0.000" /><testcase classname="models_test.ShippingInfoTest" name="test_city_none" time="0.000" /><testcase classname="models_test.ShippingInfoTest" name="test_email_empty" time="0.000" /><testcase classname="models_test.ShippingInfoTest" name="test_email_no_at" time="0.000" /><testcase classname="models_test.ShippingInfoTest" name="test_email_none" time="0.000" /><testcase classname="models_test.ShippingInfoTest" name="test_name_empty" time="0.000" /><testcase classname="models_test.ShippingInfoTest" name="test_name_none" time="0.000" /><testcase classname="models_test.ShippingInfoTest" name="test_success" time="0.000" /><testcase classname="models_test.ShippingInfoTest" name="test_zip_code_empty" time="0.000" /><testcase classname="models_test.ShippingInfoTest" name="test_zip_code_none" time="0.000" /><testcase classname="models_test.OrderTest" name="test_init_empty_items" time="0.001" /><testcase classname="models_test.OrderTest" name="test_order_with_items" time="0.001" /><testcase classname="models_test.OrderTest" name="test_sorting" time="0.001" /><testcase classname="models_test.OrderTest" name="test_to_dict" time="0.001" /><testcase classname="models_test.UserTest" name="test_add_get_order" time="0.186" /><testcase classname="models_test.UserTest" name="test_set_check_password_1" time="0.738" /><testcase classname="models_test.UserTest" name="test_set_check_password_2" time="1.105" /><testcase classname="models_test.UserTest" name="test_success" time="0.369" /><testcase classname="models_test.CardPaymentInfoTest" name="test_card_number_12_digits" time="0.000" /><testcase classname="models_test.CardPaymentInfoTest" name="test_card_number_13_digits" time="0.000" /><testcase classname="models_test.CardPaymentInfoTest" name="test_card_number_19_digits" time="0.000" /><testcase classname="models_test.CardPaymentInfoTest" name="test_card_number_20_digits" time="0.000" /><testcase classname="models_test.CardPaymentInfoTest" name="test_card_number_empty" time="0.000" /><testcase classname="models_test.CardPaymentInfoTest" name="test_card_number_none" time="0.000" /><testcase classname="models_test.CardPaymentInfoTest" name="test_card_number_not_digit_string" time="0.000" /><testcase classname="models_test.CardPaymentInfoTest" name="test_cvv_2_digits" time="0.000" /><testcase classname="models_test.CardPaymentInfoTest" name="test_cvv_3_digits" time="0.000" /><testcase classname="models_test.CardPaymentInfoTest" name="test_cvv_4_digits" time="0.000" /><testcase classname="models_test.CardPaymentInfoTest" name="test_cvv_5_digits" time="0.000" /><testcase classname="models_test.CardPaymentInfoTest" name="test_cvv_empty" time="0.000" /><testcase classname="models_test.CardPaymentInfoTest" name="test_cvv_none" time="0.000" /><testcase classname="models_test.CardPaymentInfoTest" name="test_cvv_not_digit_string" time="0.000" /><testcase classname="models_test.CardPaymentInfoTest" name="test_expiry_date_invalid" time="0.000" /><testcase classname="models_test.PaypalPaymentInfoTest" name="test_email_empty" time="0.000" /><testcase classname="models_test.PaypalPaymentInfoTest" name="test_email_no_at" time="0.000" /><testcase classname="models_test.PaypalPaymentInfoTest" name="test_email_none" time="0.000" /><testcase classname="models_test.PaypalPaymentInfoTest" name="test_success" time="0.000" /><testcase classname="models_test.PaymentGatewayTest" name="test_success" time="0.001" /><testcase classname="models_test.PaymentGatewayTest" name="test_success_card" time="0.000" /><testcase classname="models_test.PaymentGatewayTest" name="test_success_paypal" time="0.001" /><testcase classname="models_test.EmailServiceTest" name="test_success" time="0.001" /></testsuite></testsuites>